2021-08-26 21:34:14,635 [Worker-0: Loading available Gradle versions] INFO  o.e.b.c.i.u.g.PublishedGradleVersions - Gradle version information cache is up-to-date. Trying to read.
2021-08-26 21:35:27,224 [Worker-1: Creating project "simple"] INFO  o.e.m.c.i.l.LifecycleMappingFactory - Using org.eclipse.m2e.jdt.JarLifecycleMapping lifecycle mapping for MavenProject: com.simple:simple:0.0.1-SNAPSHOT @ C:\Users\nomit\eclipse-workspace\Projects\simple\pom.xml.
2021-08-26 21:35:27,489 [Worker-1: Creating project "simple"] INFO  o.e.m.j.i.AbstractJavaProjectConfigurator - Adding source folder /simple/src/main/java
2021-08-26 21:35:27,490 [Worker-1: Creating project "simple"] INFO  o.e.m.j.i.AbstractJavaProjectConfigurator - Adding resource folder /simple/src/main/resources
2021-08-26 21:35:27,491 [Worker-1: Creating project "simple"] INFO  o.e.m.j.i.AbstractJavaProjectConfigurator - Adding source folder /simple/src/test/java
2021-08-26 21:35:27,491 [Worker-1: Creating project "simple"] INFO  o.e.m.j.i.AbstractJavaProjectConfigurator - Adding resource folder /simple/src/test/resources
2021-08-26 21:35:28,448 [Worker-4: Building] WARN  o.e.m.c.i.embedder.EclipseLogger - Using platform encoding (Cp1252 actually) to copy filtered resources, i.e. build is platform dependent!
2021-08-26 21:35:28,455 [Worker-4: Building] INFO  o.e.m.c.i.embedder.EclipseLogger - Copying 0 resource
2021-08-26 21:35:28,459 [Worker-4: Building] WARN  o.e.m.c.i.embedder.EclipseLogger - Using platform encoding (Cp1252 actually) to copy filtered resources, i.e. build is platform dependent!
2021-08-26 21:35:28,460 [Worker-4: Building] INFO  o.e.m.c.i.embedder.EclipseLogger - Copying 0 resource
2021-08-26 21:35:51,254 [Worker-2: Loading available Gradle versions] INFO  o.e.b.c.i.u.g.PublishedGradleVersions - Gradle version information cache is up-to-date. Trying to read.
2021-08-26 21:36:36,203 [Worker-19: Building] WARN  o.e.m.c.i.embedder.EclipseLogger - Using platform encoding (Cp1252 actually) to copy filtered resources, i.e. build is platform dependent!
2021-08-26 21:36:36,210 [Worker-19: Building] INFO  o.e.m.c.i.embedder.EclipseLogger - Copying 0 resource
2021-08-26 21:36:36,212 [Worker-19: Building] WARN  o.e.m.c.i.embedder.EclipseLogger - Using platform encoding (Cp1252 actually) to copy filtered resources, i.e. build is platform dependent!
2021-08-26 21:36:36,213 [Worker-19: Building] INFO  o.e.m.c.i.embedder.EclipseLogger - Copying 0 resource
2021-08-26 21:37:14,421 [Worker-19: Building] WARN  o.e.m.c.i.embedder.EclipseLogger - Using platform encoding (Cp1252 actually) to copy filtered resources, i.e. build is platform dependent!
2021-08-26 21:37:14,426 [Worker-19: Building] INFO  o.e.m.c.i.embedder.EclipseLogger - Copying 0 resource
2021-08-26 21:37:14,430 [Worker-19: Building] WARN  o.e.m.c.i.embedder.EclipseLogger - Using platform encoding (Cp1252 actually) to copy filtered resources, i.e. build is platform dependent!
2021-08-26 21:37:14,432 [Worker-19: Building] INFO  o.e.m.c.i.embedder.EclipseLogger - Copying 0 resource
2021-08-26 21:40:37,744 [Worker-8: Building] WARN  o.e.m.c.i.embedder.EclipseLogger - Using platform encoding (Cp1252 actually) to copy filtered resources, i.e. build is platform dependent!
2021-08-26 21:40:37,747 [Worker-8: Building] INFO  o.e.m.c.i.embedder.EclipseLogger - Copying 0 resource
2021-08-26 21:40:37,749 [Worker-8: Building] WARN  o.e.m.c.i.embedder.EclipseLogger - Using platform encoding (Cp1252 actually) to copy filtered resources, i.e. build is platform dependent!
2021-08-26 21:40:37,751 [Worker-8: Building] INFO  o.e.m.c.i.embedder.EclipseLogger - Copying 0 resource
2021-08-26 21:41:59,406 [Worker-21: Building] WARN  o.e.m.c.i.embedder.EclipseLogger - Using platform encoding (Cp1252 actually) to copy filtered resources, i.e. build is platform dependent!
2021-08-26 21:41:59,407 [Worker-21: Building] INFO  o.e.m.c.i.embedder.EclipseLogger - Copying 0 resource
2021-08-26 21:41:59,408 [Worker-21: Building] WARN  o.e.m.c.i.embedder.EclipseLogger - Using platform encoding (Cp1252 actually) to copy filtered resources, i.e. build is platform dependent!
2021-08-26 21:41:59,410 [Worker-21: Building] INFO  o.e.m.c.i.embedder.EclipseLogger - Copying 0 resource
2021-08-26 21:42:04,925 [Worker-4: Launching Calcodes] WARN  o.e.m.c.i.embedder.EclipseLogger - Using platform encoding (Cp1252 actually) to copy filtered resources, i.e. build is platform dependent!
2021-08-26 21:42:04,927 [Worker-4: Launching Calcodes] INFO  o.e.m.c.i.embedder.EclipseLogger - Copying 0 resource
2021-08-26 21:42:04,929 [Worker-4: Launching Calcodes] WARN  o.e.m.c.i.embedder.EclipseLogger - Using platform encoding (Cp1252 actually) to copy filtered resources, i.e. build is platform dependent!
2021-08-26 21:42:04,930 [Worker-4: Launching Calcodes] INFO  o.e.m.c.i.embedder.EclipseLogger - Copying 0 resource
2021-08-26 21:43:08,135 [Worker-8: Building] WARN  o.e.m.c.i.embedder.EclipseLogger - Using platform encoding (Cp1252 actually) to copy filtered resources, i.e. build is platform dependent!
2021-08-26 21:43:08,136 [Worker-8: Building] INFO  o.e.m.c.i.embedder.EclipseLogger - Copying 0 resource
2021-08-26 21:43:08,138 [Worker-8: Building] WARN  o.e.m.c.i.embedder.EclipseLogger - Using platform encoding (Cp1252 actually) to copy filtered resources, i.e. build is platform dependent!
2021-08-26 21:43:08,139 [Worker-8: Building] INFO  o.e.m.c.i.embedder.EclipseLogger - Copying 0 resource
2021-08-26 21:43:35,522 [Worker-22: Building] WARN  o.e.m.c.i.embedder.EclipseLogger - Using platform encoding (Cp1252 actually) to copy filtered resources, i.e. build is platform dependent!
2021-08-26 21:43:35,524 [Worker-22: Building] INFO  o.e.m.c.i.embedder.EclipseLogger - Copying 0 resource
2021-08-26 21:43:35,526 [Worker-22: Building] WARN  o.e.m.c.i.embedder.EclipseLogger - Using platform encoding (Cp1252 actually) to copy filtered resources, i.e. build is platform dependent!
2021-08-26 21:43:35,528 [Worker-22: Building] INFO  o.e.m.c.i.embedder.EclipseLogger - Copying 0 resource
2021-08-26 21:44:08,451 [Worker-22: Building] WARN  o.e.m.c.i.embedder.EclipseLogger - Using platform encoding (Cp1252 actually) to copy filtered resources, i.e. build is platform dependent!
2021-08-26 21:44:08,454 [Worker-22: Building] INFO  o.e.m.c.i.embedder.EclipseLogger - Copying 0 resource
2021-08-26 21:44:08,458 [Worker-22: Building] WARN  o.e.m.c.i.embedder.EclipseLogger - Using platform encoding (Cp1252 actually) to copy filtered resources, i.e. build is platform dependent!
2021-08-26 21:44:08,462 [Worker-22: Building] INFO  o.e.m.c.i.embedder.EclipseLogger - Copying 0 resource
2021-08-26 21:49:14,909 [Worker-23: Building] INFO  o.e.m.c.i.l.LifecycleMappingFactory - Using org.eclipse.m2e.jdt.JarLifecycleMapping lifecycle mapping for MavenProject: com.simple:simple:0.0.1-SNAPSHOT @ C:\Users\nomit\eclipse-workspace\Projects\simple\pom.xml.
2021-08-26 21:49:15,100 [Worker-23: Building] WARN  o.e.m.c.i.embedder.EclipseLogger - Using platform encoding (Cp1252 actually) to copy filtered resources, i.e. build is platform dependent!
2021-08-26 21:49:15,102 [Worker-23: Building] INFO  o.e.m.c.i.embedder.EclipseLogger - Copying 0 resource
2021-08-26 21:49:15,104 [Worker-23: Building] WARN  o.e.m.c.i.embedder.EclipseLogger - Using platform encoding (Cp1252 actually) to copy filtered resources, i.e. build is platform dependent!
2021-08-26 21:49:15,105 [Worker-23: Building] INFO  o.e.m.c.i.embedder.EclipseLogger - Copying 0 resource
2021-08-26 21:49:16,213 [Worker-6: Building] WARN  o.e.m.c.i.embedder.EclipseLogger - Using platform encoding (Cp1252 actually) to copy filtered resources, i.e. build is platform dependent!
2021-08-26 21:49:16,215 [Worker-6: Building] INFO  o.e.m.c.i.embedder.EclipseLogger - Copying 0 resource
2021-08-26 21:49:16,216 [Worker-6: Building] WARN  o.e.m.c.i.embedder.EclipseLogger - Using platform encoding (Cp1252 actually) to copy filtered resources, i.e. build is platform dependent!
2021-08-26 21:49:16,217 [Worker-6: Building] INFO  o.e.m.c.i.embedder.EclipseLogger - Copying 0 resource
2021-08-26 21:49:48,921 [Worker-24: Launching Calctest] WARN  o.e.m.c.i.embedder.EclipseLogger - Using platform encoding (Cp1252 actually) to copy filtered resources, i.e. build is platform dependent!
2021-08-26 21:49:48,923 [Worker-24: Launching Calctest] INFO  o.e.m.c.i.embedder.EclipseLogger - Copying 0 resource
2021-08-26 21:49:48,926 [Worker-24: Launching Calctest] WARN  o.e.m.c.i.embedder.EclipseLogger - Using platform encoding (Cp1252 actually) to copy filtered resources, i.e. build is platform dependent!
2021-08-26 21:49:48,927 [Worker-24: Launching Calctest] INFO  o.e.m.c.i.embedder.EclipseLogger - Copying 0 resource
2021-08-26 21:51:28,857 [main] INFO  o.e.m2e.actions.ExecutePomAction - Creating new launch configuration
2021-08-26 21:51:44,138 [Worker-28: Launching simple] INFO  o.e.m.i.launch.MavenLaunchDelegate - C:\Users\nomit\eclipse-workspace\Projects\simple
2021-08-26 21:51:44,146 [Worker-28: Launching simple] INFO  o.e.m.i.launch.MavenLaunchDelegate -  mvn -B clean install
2021-08-26 21:51:44,275 [Worker-24: Building] WARN  o.e.m.c.i.embedder.EclipseLogger - Using platform encoding (Cp1252 actually) to copy filtered resources, i.e. build is platform dependent!
2021-08-26 21:51:44,277 [Worker-24: Building] INFO  o.e.m.c.i.embedder.EclipseLogger - Copying 0 resource
2021-08-26 21:51:44,279 [Worker-24: Building] WARN  o.e.m.c.i.embedder.EclipseLogger - Using platform encoding (Cp1252 actually) to copy filtered resources, i.e. build is platform dependent!
2021-08-26 21:51:44,281 [Worker-24: Building] INFO  o.e.m.c.i.embedder.EclipseLogger - Copying 0 resource
2021-08-26 21:52:25,408 [Worker-28: Building] WARN  o.e.m.c.i.embedder.EclipseLogger - Using platform encoding (Cp1252 actually) to copy filtered resources, i.e. build is platform dependent!
2021-08-26 21:52:25,409 [Worker-28: Building] INFO  o.e.m.c.i.embedder.EclipseLogger - Copying 0 resource
2021-08-26 21:52:25,410 [Worker-28: Building] WARN  o.e.m.c.i.embedder.EclipseLogger - Using platform encoding (Cp1252 actually) to copy filtered resources, i.e. build is platform dependent!
2021-08-26 21:52:25,412 [Worker-28: Building] INFO  o.e.m.c.i.embedder.EclipseLogger - Copying 0 resource
2021-08-26 21:53:21,564 [Worker-24: Building] WARN  o.e.m.c.i.embedder.EclipseLogger - Using platform encoding (Cp1252 actually) to copy filtered resources, i.e. build is platform dependent!
2021-08-26 21:53:21,566 [Worker-24: Building] INFO  o.e.m.c.i.embedder.EclipseLogger - Copying 0 resource
2021-08-26 21:53:21,567 [Worker-24: Building] WARN  o.e.m.c.i.embedder.EclipseLogger - Using platform encoding (Cp1252 actually) to copy filtered resources, i.e. build is platform dependent!
2021-08-26 21:53:21,568 [Worker-24: Building] INFO  o.e.m.c.i.embedder.EclipseLogger - Copying 0 resource
2021-08-26 21:53:31,082 [main] INFO  o.e.m2e.actions.ExecutePomAction - Using existing launch configuration
2021-08-26 21:53:31,180 [Worker-24: Launching simple] INFO  o.e.m.i.launch.MavenLaunchDelegate - C:\Users\nomit\eclipse-workspace\Projects\simple
2021-08-26 21:53:31,181 [Worker-24: Launching simple] INFO  o.e.m.i.launch.MavenLaunchDelegate -  mvn -B clean install
2021-08-26 21:54:35,841 [Worker-26: Building] INFO  o.e.m.c.i.l.LifecycleMappingFactory - Using org.eclipse.m2e.jdt.JarLifecycleMapping lifecycle mapping for MavenProject: com.simple:simple:0.0.1-SNAPSHOT @ C:\Users\nomit\eclipse-workspace\Projects\simple\pom.xml.
2021-08-26 21:54:36,004 [Worker-26: Building] WARN  o.e.m.c.i.embedder.EclipseLogger - Using platform encoding (Cp1252 actually) to copy filtered resources, i.e. build is platform dependent!
2021-08-26 21:54:36,006 [Worker-26: Building] INFO  o.e.m.c.i.embedder.EclipseLogger - Copying 0 resource
2021-08-26 21:54:36,008 [Worker-26: Building] WARN  o.e.m.c.i.embedder.EclipseLogger - Using platform encoding (Cp1252 actually) to copy filtered resources, i.e. build is platform dependent!
2021-08-26 21:54:36,010 [Worker-26: Building] INFO  o.e.m.c.i.embedder.EclipseLogger - Copying 0 resource
2021-08-26 21:54:41,062 [Worker-26: Building] WARN  o.e.m.c.i.embedder.EclipseLogger - Using platform encoding (Cp1252 actually) to copy filtered resources, i.e. build is platform dependent!
2021-08-26 21:54:41,064 [Worker-26: Building] INFO  o.e.m.c.i.embedder.EclipseLogger - Copying 0 resource
2021-08-26 21:54:41,065 [Worker-26: Building] WARN  o.e.m.c.i.embedder.EclipseLogger - Using platform encoding (Cp1252 actually) to copy filtered resources, i.e. build is platform dependent!
2021-08-26 21:54:41,067 [Worker-26: Building] INFO  o.e.m.c.i.embedder.EclipseLogger - Copying 0 resource
2021-08-26 21:54:46,114 [main] INFO  o.e.m2e.actions.ExecutePomAction - Using existing launch configuration
2021-08-26 21:54:46,220 [Worker-28: Launching simple] INFO  o.e.m.i.launch.MavenLaunchDelegate - C:\Users\nomit\eclipse-workspace\Projects\simple
2021-08-26 21:54:46,220 [Worker-28: Launching simple] INFO  o.e.m.i.launch.MavenLaunchDelegate -  mvn -B clean install
2021-08-26 21:55:11,108 [Worker-23: Building] WARN  o.e.m.c.i.embedder.EclipseLogger - Using platform encoding (Cp1252 actually) to copy filtered resources, i.e. build is platform dependent!
2021-08-26 21:55:11,110 [Worker-23: Building] INFO  o.e.m.c.i.embedder.EclipseLogger - Copying 0 resource
2021-08-26 21:55:11,111 [Worker-23: Building] WARN  o.e.m.c.i.embedder.EclipseLogger - Using platform encoding (Cp1252 actually) to copy filtered resources, i.e. build is platform dependent!
2021-08-26 21:55:11,112 [Worker-23: Building] INFO  o.e.m.c.i.embedder.EclipseLogger - Copying 0 resource
2021-08-26 22:05:19,155 [Worker-30: Creating project "complex"] INFO  o.e.m.c.i.l.LifecycleMappingFactory - Using org.eclipse.m2e.jdt.JarLifecycleMapping lifecycle mapping for MavenProject: com.complex:complex:0.0.1-SNAPSHOT @ C:\Users\nomit\eclipse-workspace\Projects\complex\pom.xml.
2021-08-26 22:05:19,258 [Worker-30: Creating project "complex"] INFO  o.e.m.j.i.AbstractJavaProjectConfigurator - Adding source folder /complex/src/main/java
2021-08-26 22:05:19,259 [Worker-30: Creating project "complex"] INFO  o.e.m.j.i.AbstractJavaProjectConfigurator - Adding resource folder /complex/src/main/resources
2021-08-26 22:05:19,260 [Worker-30: Creating project "complex"] INFO  o.e.m.j.i.AbstractJavaProjectConfigurator - Adding source folder /complex/src/test/java
2021-08-26 22:05:19,260 [Worker-30: Creating project "complex"] INFO  o.e.m.j.i.AbstractJavaProjectConfigurator - Adding resource folder /complex/src/test/resources
2021-08-26 22:05:19,506 [Worker-6: Building] WARN  o.e.m.c.i.embedder.EclipseLogger - Using platform encoding (Cp1252 actually) to copy filtered resources, i.e. build is platform dependent!
2021-08-26 22:05:19,507 [Worker-6: Building] INFO  o.e.m.c.i.embedder.EclipseLogger - Copying 0 resource
2021-08-26 22:05:19,508 [Worker-6: Building] WARN  o.e.m.c.i.embedder.EclipseLogger - Using platform encoding (Cp1252 actually) to copy filtered resources, i.e. build is platform dependent!
2021-08-26 22:05:19,509 [Worker-6: Building] INFO  o.e.m.c.i.embedder.EclipseLogger - Copying 0 resource
2021-08-26 22:07:41,867 [Worker-0: Loading available Gradle versions] INFO  o.e.b.c.i.u.g.PublishedGradleVersions - Gradle version information cache is up-to-date. Trying to read.
